
Showing logs for build [32mcb-kubecd-environment-pr-72-1-b-xv92t-1[0m stage [32mfrom-build-pack[0m and container [32mstep-credential-initializer-snmld[0m
{"level":"warn","ts":1574357739.353266,"logger":"fallback-logger","caller":"logging/config.go:69","msg":"Fetch GitHub commit ID from kodata failed: \"ref: refs/heads/master\" is not a valid GitHub commit ID"}
{"level":"info","ts":1574357739.3538275,"logger":"fallback-logger","caller":"creds-init/main.go:40","msg":"Credentials initialized."}

Showing logs for build [32mcb-kubecd-environment-pr-72-1-b-xv92t-1[0m stage [32mfrom-build-pack[0m and container [32mstep-working-dir-initializer-khnkl[0m
{"level":"warn","ts":1574357740.3825965,"logger":"fallback-logger","caller":"logging/config.go:69","msg":"Fetch GitHub commit ID from kodata failed: open /var/run/ko/HEAD: no such file or directory"}
{"level":"info","ts":1574357740.3856444,"logger":"fallback-logger","caller":"bash/main.go:65","msg":"Successfully executed command \"mkdir -p /workspace/source\""}

Showing logs for build [32mcb-kubecd-environment-pr-72-1-b-xv92t-1[0m stage [32mfrom-build-pack[0m and container [32mstep-place-tools[0m

Showing logs for build [32mcb-kubecd-environment-pr-72-1-b-xv92t-1[0m stage [32mfrom-build-pack[0m and container [32mstep-git-source-cb-kubecd-environment-pr-72-1-b-f545n[0m
{"level":"warn","ts":1574357774.431486,"logger":"fallback-logger","caller":"logging/config.go:69","msg":"Fetch GitHub commit ID from kodata failed: \"ref: refs/heads/master\" is not a valid GitHub commit ID"}
{"level":"info","ts":1574357775.5314572,"logger":"fallback-logger","caller":"git/git.go:102","msg":"Successfully cloned https://github.com/cb-kubecd/environment-pr-72-1-boot-gke-staging.git @ master in path /workspace/source"}

Showing logs for build [32mcb-kubecd-environment-pr-72-1-b-xv92t-1[0m stage [32mfrom-build-pack[0m and container [32mstep-git-merge[0m
Using SHAs from PULL_REFS=master:197d6fb1e9ff99f9ef719132708f0b172514a127,2:89de47c1fd88453d20b8fea41cb9efc7c5c81502
DEBUG: ran git fetch --unshallow origin 89de47c1fd88453d20b8fea41cb9efc7c5c81502: 197d6fb1e9ff99f9ef719132708f0b172514a127: in 
DEBUG: ran git checkout master in 
DEBUG: ran git reset --hard 197d6fb1e9ff99f9ef719132708f0b172514a127 in 
DEBUG: ran clean --force -d . in 
DEBUG: ran git merge 89de47c1fd88453d20b8fea41cb9efc7c5c81502 in 
Merged SHA 89de47c1fd88453d20b8fea41cb9efc7c5c81502 with commit message 'chore: Promote bdd-gh-1574355952 to version 0.0.1' into base branch master

Showing logs for build [32mcb-kubecd-environment-pr-72-1-b-xv92t-1[0m stage [32mfrom-build-pack[0m and container [32mstep-build-helm-build[0m
WARNING: No $CHART_REPOSITORY defined so using the default value of: http://jenkins-x-chartmuseum:8080
Adding missing Helm repo: storage.googleapis.com https://storage.googleapis.com/chartmuseum.jenkins-x.io
Read credentials for https://storage.googleapis.com/chartmuseum.jenkins-x.io from vault helm/repos
Successfully added Helm repository storage.googleapis.com.
Adding missing Helm repo: jenkins-x-chartmuseum http://jenkins-x-chartmuseum:8080
Read credentials for http://jenkins-x-chartmuseum:8080 from vault helm/repos
Successfully added Helm repository jenkins-x-chartmuseum.
WARNING: No $CHART_REPOSITORY defined so using the default value of: http://jenkins-x-chartmuseum:8080
Adding missing Helm repo: chartmuseum.jenkins-x.io http://chartmuseum.jenkins-x.io
Read credentials for http://chartmuseum.jenkins-x.io from vault helm/repos
Successfully added Helm repository chartmuseum.jenkins-x.io.
