
Showing logs for build [32mcb-kubecd-environment-pr-72-1-b-mklrw-1[0m stage [32mfrom-build-pack[0m and container [32mstep-credential-initializer-dtfhr[0m
{"level":"warn","ts":1574355188.1235652,"logger":"fallback-logger","caller":"logging/config.go:69","msg":"Fetch GitHub commit ID from kodata failed: \"ref: refs/heads/master\" is not a valid GitHub commit ID"}
{"level":"info","ts":1574355188.1245844,"logger":"fallback-logger","caller":"creds-init/main.go:40","msg":"Credentials initialized."}

Showing logs for build [32mcb-kubecd-environment-pr-72-1-b-mklrw-1[0m stage [32mfrom-build-pack[0m and container [32mstep-working-dir-initializer-7lj4n[0m
{"level":"warn","ts":1574355189.1330786,"logger":"fallback-logger","caller":"logging/config.go:69","msg":"Fetch GitHub commit ID from kodata failed: open /var/run/ko/HEAD: no such file or directory"}
{"level":"info","ts":1574355189.135055,"logger":"fallback-logger","caller":"bash/main.go:65","msg":"Successfully executed command \"mkdir -p /workspace/source\""}

Showing logs for build [32mcb-kubecd-environment-pr-72-1-b-mklrw-1[0m stage [32mfrom-build-pack[0m and container [32mstep-place-tools[0m

Showing logs for build [32mcb-kubecd-environment-pr-72-1-b-mklrw-1[0m stage [32mfrom-build-pack[0m and container [32mstep-git-source-cb-kubecd-environment-pr-72-1-b-22hjg[0m
{"level":"warn","ts":1574355195.356575,"logger":"fallback-logger","caller":"logging/config.go:69","msg":"Fetch GitHub commit ID from kodata failed: \"ref: refs/heads/master\" is not a valid GitHub commit ID"}
{"level":"info","ts":1574355196.5478323,"logger":"fallback-logger","caller":"git/git.go:102","msg":"Successfully cloned https://github.com/cb-kubecd/environment-pr-72-1-boot-gke-staging.git @ master in path /workspace/source"}

Showing logs for build [32mcb-kubecd-environment-pr-72-1-b-mklrw-1[0m stage [32mfrom-build-pack[0m and container [32mstep-git-merge[0m
Using SHAs from PULL_REFS=master:77b367061f0f6c5fb2f4f1de88fcc9589256b049,1:40a9305726a2a2a6ff675e85da45b61bdf84e6ab
DEBUG: ran git fetch --unshallow origin 40a9305726a2a2a6ff675e85da45b61bdf84e6ab: 77b367061f0f6c5fb2f4f1de88fcc9589256b049: in 
DEBUG: ran git checkout master in 
DEBUG: ran git reset --hard 77b367061f0f6c5fb2f4f1de88fcc9589256b049 in 
DEBUG: ran clean --force -d . in 
DEBUG: ran git merge 40a9305726a2a2a6ff675e85da45b61bdf84e6ab in 
Merged SHA 40a9305726a2a2a6ff675e85da45b61bdf84e6ab with commit message 'chore: Promote bdd-spring-1574354839 to version 0.0.1' into base branch master

Showing logs for build [32mcb-kubecd-environment-pr-72-1-b-mklrw-1[0m stage [32mfrom-build-pack[0m and container [32mstep-build-helm-build[0m
WARNING: No $CHART_REPOSITORY defined so using the default value of: http://jenkins-x-chartmuseum:8080
Adding missing Helm repo: storage.googleapis.com https://storage.googleapis.com/chartmuseum.jenkins-x.io
Read credentials for https://storage.googleapis.com/chartmuseum.jenkins-x.io from vault helm/repos
Successfully added Helm repository storage.googleapis.com.
Adding missing Helm repo: jenkins-x-chartmuseum http://jenkins-x-chartmuseum:8080
Read credentials for http://jenkins-x-chartmuseum:8080 from vault helm/repos
Successfully added Helm repository jenkins-x-chartmuseum.
WARNING: No $CHART_REPOSITORY defined so using the default value of: http://jenkins-x-chartmuseum:8080
Adding missing Helm repo: chartmuseum.jenkins-x.io http://chartmuseum.jenkins-x.io
Read credentials for http://chartmuseum.jenkins-x.io from vault helm/repos
Successfully added Helm repository chartmuseum.jenkins-x.io.
