
Showing logs for build [32mcb-kubecd-environment-pr-72-1-b-nj2bb-1[0m stage [32mfrom-build-pack[0m and container [32mstep-credential-initializer-d6c6n[0m
{"level":"warn","ts":1574358301.5155349,"logger":"fallback-logger","caller":"logging/config.go:69","msg":"Fetch GitHub commit ID from kodata failed: \"ref: refs/heads/master\" is not a valid GitHub commit ID"}
{"level":"info","ts":1574358301.5182953,"logger":"fallback-logger","caller":"creds-init/main.go:40","msg":"Credentials initialized."}

Showing logs for build [32mcb-kubecd-environment-pr-72-1-b-nj2bb-1[0m stage [32mfrom-build-pack[0m and container [32mstep-working-dir-initializer-2lxvw[0m
{"level":"warn","ts":1574358303.0276608,"logger":"fallback-logger","caller":"logging/config.go:69","msg":"Fetch GitHub commit ID from kodata failed: open /var/run/ko/HEAD: no such file or directory"}
{"level":"info","ts":1574358303.031514,"logger":"fallback-logger","caller":"bash/main.go:65","msg":"Successfully executed command \"mkdir -p /workspace/source\""}

Showing logs for build [32mcb-kubecd-environment-pr-72-1-b-nj2bb-1[0m stage [32mfrom-build-pack[0m and container [32mstep-place-tools[0m

Showing logs for build [32mcb-kubecd-environment-pr-72-1-b-nj2bb-1[0m stage [32mfrom-build-pack[0m and container [32mstep-git-source-cb-kubecd-environment-pr-72-1-b-vzdx8[0m
{"level":"warn","ts":1574358308.0504043,"logger":"fallback-logger","caller":"logging/config.go:69","msg":"Fetch GitHub commit ID from kodata failed: \"ref: refs/heads/master\" is not a valid GitHub commit ID"}
{"level":"info","ts":1574358309.1130898,"logger":"fallback-logger","caller":"git/git.go:102","msg":"Successfully cloned https://github.com/cb-kubecd/environment-pr-72-1-boot-gke-staging.git @ master in path /workspace/source"}

Showing logs for build [32mcb-kubecd-environment-pr-72-1-b-nj2bb-1[0m stage [32mfrom-build-pack[0m and container [32mstep-git-merge[0m
Using SHAs from PULL_REFS=master:7d82bc369619ddb3402be0f1ba42eb7cb6d0ce95,3:3dbbdce15630a842a4be4bd9dfa446fd290d8783
DEBUG: ran git fetch --unshallow origin 3dbbdce15630a842a4be4bd9dfa446fd290d8783: 7d82bc369619ddb3402be0f1ba42eb7cb6d0ce95: in 
DEBUG: ran git checkout master in 
DEBUG: ran git reset --hard 7d82bc369619ddb3402be0f1ba42eb7cb6d0ce95 in 
DEBUG: ran clean --force -d . in 
DEBUG: ran git merge 3dbbdce15630a842a4be4bd9dfa446fd290d8783 in 
Merged SHA 3dbbdce15630a842a4be4bd9dfa446fd290d8783 with commit message 'chore: Promote bdd-nh-1574355952 to version 0.0.1' into base branch master

Showing logs for build [32mcb-kubecd-environment-pr-72-1-b-nj2bb-1[0m stage [32mfrom-build-pack[0m and container [32mstep-build-helm-build[0m
WARNING: No $CHART_REPOSITORY defined so using the default value of: http://jenkins-x-chartmuseum:8080
Adding missing Helm repo: storage.googleapis.com https://storage.googleapis.com/chartmuseum.jenkins-x.io
Read credentials for https://storage.googleapis.com/chartmuseum.jenkins-x.io from vault helm/repos
Successfully added Helm repository storage.googleapis.com.
Adding missing Helm repo: jenkins-x-chartmuseum http://jenkins-x-chartmuseum:8080
Read credentials for http://jenkins-x-chartmuseum:8080 from vault helm/repos
Successfully added Helm repository jenkins-x-chartmuseum.
WARNING: No $CHART_REPOSITORY defined so using the default value of: http://jenkins-x-chartmuseum:8080
Adding missing Helm repo: chartmuseum.jenkins-x.io http://chartmuseum.jenkins-x.io
Read credentials for http://chartmuseum.jenkins-x.io from vault helm/repos
Successfully added Helm repository chartmuseum.jenkins-x.io.
